<?xml version="1.0" encoding="UTF-8"?>
<!-- Generated by org.testng.reporters.JUnitReportReporter -->
<testsuite skipped="0" hostname="DESKTOP-LJ046SQ" name="examples.SoftAssertClass" tests="2" failures="1" timestamp="19 Jun 2020 08:20:18 GMT" time="6.722" errors="0">
  <testcase name="OpenBrowser" time="6.462" classname="examples.SoftAssertClass">
    <failure type="java.lang.AssertionError" message="The following asserts failed:
	expected [Free QA Automation Tools For Everyone] but found [www.demoqa.com],
	expected [ToolsQA – Demo Website to Practice Automation – Demo Website to Practice Automation] but found [www.demoqa.com]">
      <![CDATA[java.lang.AssertionError: The following asserts failed:
expected [Free QA Automation Tools For Everyone] but found [www.demoqa.com],
expected [ToolsQA – Demo Website to Practice Automation – Demo Website to Practice Automation] but found [www.demoqa.com]
at org.testng.asserts.SoftAssert.assertAll(SoftAssert.java:43)
at examples.SoftAssertClass.OpenBrowser(SoftAssertClass.java:34)
at sun.reflect.NativeMethodAccessorImpl.invoke0(Native Method)
at sun.reflect.NativeMethodAccessorImpl.invoke(Unknown Source)
at sun.reflect.DelegatingMethodAccessorImpl.invoke(Unknown Source)
at java.lang.reflect.Method.invoke(Unknown Source)
at org.testng.internal.MethodInvocationHelper.invokeMethod(MethodInvocationHelper.java:124)
at org.testng.internal.Invoker.invokeMethod(Invoker.java:583)
at org.testng.internal.Invoker.invokeTestMethod(Invoker.java:719)
at org.testng.internal.Invoker.invokeTestMethods(Invoker.java:989)
at org.testng.internal.TestMethodWorker.invokeTestMethods(TestMethodWorker.java:125)
at org.testng.internal.TestMethodWorker.run(TestMethodWorker.java:109)
at org.testng.TestRunner.privateRun(TestRunner.java:648)
at org.testng.TestRunner.run(TestRunner.java:505)
at org.testng.SuiteRunner.runTest(SuiteRunner.java:455)
at org.testng.SuiteRunner.runSequentially(SuiteRunner.java:450)
at org.testng.SuiteRunner.privateRun(SuiteRunner.java:415)
at org.testng.SuiteRunner.run(SuiteRunner.java:364)
at org.testng.SuiteRunnerWorker.runSuite(SuiteRunnerWorker.java:52)
at org.testng.SuiteRunnerWorker.run(SuiteRunnerWorker.java:84)
at org.testng.TestNG.runSuitesSequentially(TestNG.java:1208)
at org.testng.TestNG.runSuitesLocally(TestNG.java:1137)
at org.testng.TestNG.runSuites(TestNG.java:1049)
at org.testng.TestNG.run(TestNG.java:1017)
at org.testng.remote.AbstractRemoteTestNG.run(AbstractRemoteTestNG.java:115)
at org.testng.remote.RemoteTestNG.initAndRun(RemoteTestNG.java:251)
at org.testng.remote.RemoteTestNG.main(RemoteTestNG.java:77)
]]>
    </failure>
  </testcase> <!-- OpenBrowser -->
  <testcase name="CloseBrowser" time="0.260" classname="examples.SoftAssertClass"/>
</testsuite> <!-- examples.SoftAssertClass -->
